  stdafx.cpp
  ConsoleApplication1.cpp
p:\visual studio\nmu\number laba 11\variant 3\consoleapplication1\consoleapplication1\consoleapplication1.cpp(42): warning C4244: =: преобразование "int" в "float", возможна потеря данных
p:\visual studio\nmu\number laba 11\variant 3\consoleapplication1\consoleapplication1\consoleapplication1.cpp(24): warning C4996: 'scanf': This function or variable may be unsafe. Consider using scanf_s instead. To disable deprecation, use _CRT_SECURE_NO_WARNINGS. See online help for details.
  c:\program files (x86)\windows kits\10\include\10.0.14393.0\ucrt\stdio.h(1269): note:  см. объявление "scanf"
p:\visual studio\nmu\number laba 11\variant 3\consoleapplication1\consoleapplication1\consoleapplication1.cpp(29): warning C4996: 'scanf': This function or variable may be unsafe. Consider using scanf_s instead. To disable deprecation, use _CRT_SECURE_NO_WARNINGS. See online help for details.
  c:\program files (x86)\windows kits\10\include\10.0.14393.0\ucrt\stdio.h(1269): note:  см. объявление "scanf"
p:\visual studio\nmu\number laba 11\variant 3\consoleapplication1\consoleapplication1\consoleapplication1.cpp(33): warning C4996: 'scanf': This function or variable may be unsafe. Consider using scanf_s instead. To disable deprecation, use _CRT_SECURE_NO_WARNINGS. See online help for details.
  c:\program files (x86)\windows kits\10\include\10.0.14393.0\ucrt\stdio.h(1269): note:  см. объявление "scanf"
p:\visual studio\nmu\number laba 11\variant 3\consoleapplication1\consoleapplication1\consoleapplication1.cpp(35): warning C4996: 'scanf': This function or variable may be unsafe. Consider using scanf_s instead. To disable deprecation, use _CRT_SECURE_NO_WARNINGS. See online help for details.
  c:\program files (x86)\windows kits\10\include\10.0.14393.0\ucrt\stdio.h(1269): note:  см. объявление "scanf"
p:\visual studio\nmu\number laba 11\variant 3\consoleapplication1\consoleapplication1\consoleapplication1.cpp(37): warning C4996: 'scanf': This function or variable may be unsafe. Consider using scanf_s instead. To disable deprecation, use _CRT_SECURE_NO_WARNINGS. See online help for details.
  c:\program files (x86)\windows kits\10\include\10.0.14393.0\ucrt\stdio.h(1269): note:  см. объявление "scanf"
p:\visual studio\nmu\number laba 11\variant 3\consoleapplication1\consoleapplication1\consoleapplication1.cpp(39): warning C4996: 'scanf': This function or variable may be unsafe. Consider using scanf_s instead. To disable deprecation, use _CRT_SECURE_NO_WARNINGS. See online help for details.
  c:\program files (x86)\windows kits\10\include\10.0.14393.0\ucrt\stdio.h(1269): note:  см. объявление "scanf"
p:\visual studio\nmu\number laba 11\variant 3\consoleapplication1\consoleapplication1\consoleapplication1.cpp(41): warning C4996: 'scanf': This function or variable may be unsafe. Consider using scanf_s instead. To disable deprecation, use _CRT_SECURE_NO_WARNINGS. See online help for details.
  c:\program files (x86)\windows kits\10\include\10.0.14393.0\ucrt\stdio.h(1269): note:  см. объявление "scanf"
p:\visual studio\nmu\number laba 11\variant 3\consoleapplication1\consoleapplication1\consoleapplication1.cpp(53): warning C4996: 'getch': The POSIX name for this item is deprecated. Instead, use the ISO C and C++ conformant name: _getch. See online help for details.
  c:\program files (x86)\windows kits\10\include\10.0.14393.0\ucrt\conio.h(452): note:  см. объявление "getch"
p:\visual studio\nmu\number laba 11\variant 3\consoleapplication1\consoleapplication1\consoleapplication1.cpp(26): warning C4101: density2: неиспользованная локальная переменная
  ConsoleApplication1.vcxproj -> P:\Visual Studio\NMU\Number laba 11\Variant 3\ConsoleApplication1\Debug\ConsoleApplication1.exe
  ConsoleApplication1.vcxproj -> P:\Visual Studio\NMU\Number laba 11\Variant 3\ConsoleApplication1\Debug\ConsoleApplication1.pdb (Partial PDB)
